project/MvRock_Sun_v11/mvRock_Sun_v11/build/outputs/logs/manifest-merger-debug-report.txt
-- Merging decision tree log ---
manifest
ADDED from AndroidManifest.xml:17:1
	xmlns:android
		ADDED from AndroidManifest.xml:17:11
	package
		ADDED from AndroidManifest.xml:18:5
		INJECTED from AndroidManifest.xml:0:0
		INJECTED from AndroidManifest.xml:0:0
	android:versionName
		ADDED from AndroidManifest.xml:20:5
	android:versionCode
		ADDED from AndroidManifest.xml:19:5
		INJECTED from AndroidManifest.xml:0:0
		INJECTED from AndroidManifest.xml:0:0
uses-sdk
ADDED from AndroidManifest.xml:22:5
MERGED from com.android.support:support-v4:22.1.1:20:5
MERGED from com.android.support:appcompat-v7:22.1.1:20:5
MERGED from com.android.support:support-v4:22.1.1:20:5
MERGED from com.facebook.android:facebook-android-sdk:3.23.1:20:5
MERGED from com.android.support:support-v4:22.1.1:20:5
MERGED from com.oguzdev:CircularFloatingActionMenu:1.0.2:7:5
	android:targetSdkVersion
		ADDED from AndroidManifest.xml:24:9
		INJECTED from AndroidManifest.xml:0:0
		INJECTED from AndroidManifest.xml:0:0
	android:minSdkVersion
		ADDED from AndroidManifest.xml:23:9
		INJECTED from AndroidManifest.xml:0:0
		INJECTED from AndroidManifest.xml:0:0
uses-permission#android.permission.INTERNET
ADDED from AndroidManifest.xml:25:5
	android:name
		ADDED from AndroidManifest.xml:25:22
application
ADDED from AndroidManifest.xml:26:5
MERGED from com.android.support:support-v4:22.1.1:22:5
MERGED from com.android.support:appcompat-v7:22.1.1:22:5
MERGED from com.android.support:support-v4:22.1.1:22:5
MERGED from com.facebook.android:facebook-android-sdk:3.23.1:24:5
MERGED from com.android.support:support-v4:22.1.1:22:5
	android:label
		ADDED from AndroidManifest.xml:27:9
	android:icon
		ADDED from AndroidManifest.xml:29:9
	android:theme
		ADDED from AndroidManifest.xml:28:9
meta-data#com.facebook.sdk.ApplicationId
ADDED from AndroidManifest.xml:30:9
	android:name
		ADDED from AndroidManifest.xml:31:11
	android:value
		ADDED from AndroidManifest.xml:32:17
activity#com.mvrock.android.view.MainActivity
ADDED from AndroidManifest.xml:34:10
	android:label
		ADDED from AndroidManifest.xml:36:13
	android:name
		ADDED from AndroidManifest.xml:35:13
intent-filter#android.intent.action.MAIN+android.intent.category.LAUNCHER
ADDED from AndroidManifest.xml:37:13
action#android.intent.action.MAIN
ADDED from AndroidManifest.xml:38:17
	android:name
		ADDED from AndroidManifest.xml:38:25
category#android.intent.category.LAUNCHER
ADDED from AndroidManifest.xml:39:17
	android:name
		ADDED from AndroidManifest.xml:39:27
meta-data#@string/minVersion
ADDED from AndroidManifest.xml:41:13
	android:name
		ADDED from AndroidManifest.xml:42:17
	android:value
		ADDED from AndroidManifest.xml:43:17
meta-data#@string/isLaunchableActivity
ADDED from AndroidManifest.xml:44:13
	android:name
		ADDED from AndroidManifest.xml:45:17
	android:value
		ADDED from AndroidManifest.xml:46:17
activity#com.facebook.LoginActivity
ADDED from AndroidManifest.xml:50:10
	android:label
		ADDED from AndroidManifest.xml:52:9
	android:name
		ADDED from AndroidManifest.xml:51:9